<?xml version="1.0" encoding="UTF-8"?>
<testng-results skipped="0" failed="0" total="2" passed="2">
  <reporter-output>
  </reporter-output>
  <suite name="BDD Test Suite" duration-ms="1340" started-at="2019-05-09T04:50:05Z" finished-at="2019-05-09T04:50:07Z">
    <groups>
      <group name="cucumber">
        <method signature="TestRunner.feature(cucumber.api.testng.CucumberFeatureWrapper)[pri:0, instance:runner.TestRunner@475530b9]" name="feature" class="runner.TestRunner"/>
      </group> <!-- cucumber -->
    </groups>
    <test name="Login and Update Profile Test" duration-ms="1340" started-at="2019-05-09T04:50:05Z" finished-at="2019-05-09T04:50:07Z">
      <class name="runner.TestRunner">
        <test-method status="PASS" signature="setUpClass()[pri:0, instance:runner.TestRunner@475530b9]" name="setUpClass" is-config="true" duration-ms="238" started-at="2019-05-09T10:20:05Z" finished-at="2019-05-09T10:20:05Z">
          <reporter-output>
          </reporter-output>
        </test-method> <!-- setUpClass -->
        <test-method status="PASS" signature="feature(cucumber.api.testng.CucumberFeatureWrapper)[pri:0, instance:runner.TestRunner@475530b9]" name="feature" duration-ms="809" started-at="2019-05-09T10:20:06Z" description="Runs Cucumber Feature" data-provider="features" finished-at="2019-05-09T10:20:06Z">
          <params>
            <param index="0">
              <value>
                <![CDATA[Login Profile]]>
              </value>
            </param>
          </params>
          <reporter-output>
          </reporter-output>
        </test-method> <!-- feature -->
        <test-method status="PASS" signature="feature(cucumber.api.testng.CucumberFeatureWrapper)[pri:0, instance:runner.TestRunner@475530b9]" name="feature" duration-ms="49" started-at="2019-05-09T10:20:06Z" description="Runs Cucumber Feature" data-provider="features" finished-at="2019-05-09T10:20:06Z">
          <params>
            <param index="0">
              <value>
                <![CDATA[Update Profile]]>
              </value>
            </param>
          </params>
          <reporter-output>
          </reporter-output>
        </test-method> <!-- feature -->
        <test-method status="PASS" signature="tearDownClass()[pri:0, instance:runner.TestRunner@475530b9]" name="tearDownClass" is-config="true" duration-ms="82" started-at="2019-05-09T10:20:06Z" finished-at="2019-05-09T10:20:07Z">
          <reporter-output>
          </reporter-output>
        </test-method> <!-- tearDownClass -->
      </class> <!-- runner.TestRunner -->
    </test> <!-- Login and Update Profile Test -->
  </suite> <!-- BDD Test Suite -->
</testng-results>
